Start testing: Jun 24 21:43 CEST
----------------------------------------------------------
1/44 Testing: compiler:arrayMax
1/44 Test: compiler:arrayMax
Command: "/home/stefan/FIT/PJP/slavkste/mila" "/home/stefan/FIT/PJP/slavkste/samples/arrayMax.mila" "-o" "/home/stefan/FIT/PJP/slavkste/build/tests/arrayMax"
Directory: /home/stefan/FIT/PJP/slavkste/build
"compiler:arrayMax" start time: Jun 24 21:43 CEST
Output:
----------------------------------------------------------
<end of output>
Test time =   0.15 sec
----------------------------------------------------------
Test Passed.
"compiler:arrayMax" end time: Jun 24 21:43 CEST
"compiler:arrayMax" time elapsed: 00:00:00
----------------------------------------------------------

2/44 Testing: compiler:arrayTest
2/44 Test: compiler:arrayTest
Command: "/home/stefan/FIT/PJP/slavkste/mila" "/home/stefan/FIT/PJP/slavkste/samples/arrayTest.mila" "-o" "/home/stefan/FIT/PJP/slavkste/build/tests/arrayTest"
Directory: /home/stefan/FIT/PJP/slavkste/build
"compiler:arrayTest" start time: Jun 24 21:43 CEST
Output:
----------------------------------------------------------
<end of output>
Test time =   0.15 sec
----------------------------------------------------------
Test Passed.
"compiler:arrayTest" end time: Jun 24 21:43 CEST
"compiler:arrayTest" time elapsed: 00:00:00
----------------------------------------------------------

3/44 Testing: compiler:breakContinue
3/44 Test: compiler:breakContinue
Command: "/home/stefan/FIT/PJP/slavkste/mila" "/home/stefan/FIT/PJP/slavkste/samples/breakContinue.mila" "-o" "/home/stefan/FIT/PJP/slavkste/build/tests/breakContinue"
Directory: /home/stefan/FIT/PJP/slavkste/build
"compiler:breakContinue" start time: Jun 24 21:43 CEST
Output:
----------------------------------------------------------
<end of output>
Test time =   0.15 sec
----------------------------------------------------------
Test Passed.
"compiler:breakContinue" end time: Jun 24 21:43 CEST
"compiler:breakContinue" time elapsed: 00:00:00
----------------------------------------------------------

4/44 Testing: compiler:consts
4/44 Test: compiler:consts
Command: "/home/stefan/FIT/PJP/slavkste/mila" "/home/stefan/FIT/PJP/slavkste/samples/consts.mila" "-o" "/home/stefan/FIT/PJP/slavkste/build/tests/consts"
Directory: /home/stefan/FIT/PJP/slavkste/build
"compiler:consts" start time: Jun 24 21:43 CEST
Output:
----------------------------------------------------------
<end of output>
Test time =   0.15 sec
----------------------------------------------------------
Test Passed.
"compiler:consts" end time: Jun 24 21:43 CEST
"compiler:consts" time elapsed: 00:00:00
----------------------------------------------------------

5/44 Testing: compiler:expressions
5/44 Test: compiler:expressions
Command: "/home/stefan/FIT/PJP/slavkste/mila" "/home/stefan/FIT/PJP/slavkste/samples/expressions.mila" "-o" "/home/stefan/FIT/PJP/slavkste/build/tests/expressions"
Directory: /home/stefan/FIT/PJP/slavkste/build
"compiler:expressions" start time: Jun 24 21:43 CEST
Output:
----------------------------------------------------------
<end of output>
Test time =   0.14 sec
----------------------------------------------------------
Test Passed.
"compiler:expressions" end time: Jun 24 21:43 CEST
"compiler:expressions" time elapsed: 00:00:00
----------------------------------------------------------

6/44 Testing: compiler:expressions2
6/44 Test: compiler:expressions2
Command: "/home/stefan/FIT/PJP/slavkste/mila" "/home/stefan/FIT/PJP/slavkste/samples/expressions2.mila" "-o" "/home/stefan/FIT/PJP/slavkste/build/tests/expressions2"
Directory: /home/stefan/FIT/PJP/slavkste/build
"compiler:expressions2" start time: Jun 24 21:43 CEST
Output:
----------------------------------------------------------
<end of output>
Test time =   0.15 sec
----------------------------------------------------------
Test Passed.
"compiler:expressions2" end time: Jun 24 21:43 CEST
"compiler:expressions2" time elapsed: 00:00:00
----------------------------------------------------------

7/44 Testing: compiler:factorial
7/44 Test: compiler:factorial
Command: "/home/stefan/FIT/PJP/slavkste/mila" "/home/stefan/FIT/PJP/slavkste/samples/factorial.mila" "-o" "/home/stefan/FIT/PJP/slavkste/build/tests/factorial"
Directory: /home/stefan/FIT/PJP/slavkste/build
"compiler:factorial" start time: Jun 24 21:43 CEST
Output:
----------------------------------------------------------
<end of output>
Test time =   0.15 sec
----------------------------------------------------------
Test Passed.
"compiler:factorial" end time: Jun 24 21:43 CEST
"compiler:factorial" time elapsed: 00:00:00
----------------------------------------------------------

8/44 Testing: compiler:factorialCycle
8/44 Test: compiler:factorialCycle
Command: "/home/stefan/FIT/PJP/slavkste/mila" "/home/stefan/FIT/PJP/slavkste/samples/factorialCycle.mila" "-o" "/home/stefan/FIT/PJP/slavkste/build/tests/factorialCycle"
Directory: /home/stefan/FIT/PJP/slavkste/build
"compiler:factorialCycle" start time: Jun 24 21:43 CEST
Output:
----------------------------------------------------------
<end of output>
Test time =   0.15 sec
----------------------------------------------------------
Test Passed.
"compiler:factorialCycle" end time: Jun 24 21:43 CEST
"compiler:factorialCycle" time elapsed: 00:00:00
----------------------------------------------------------

9/44 Testing: compiler:factorialRec
9/44 Test: compiler:factorialRec
Command: "/home/stefan/FIT/PJP/slavkste/mila" "/home/stefan/FIT/PJP/slavkste/samples/factorialRec.mila" "-o" "/home/stefan/FIT/PJP/slavkste/build/tests/factorialRec"
Directory: /home/stefan/FIT/PJP/slavkste/build
"compiler:factorialRec" start time: Jun 24 21:43 CEST
Output:
----------------------------------------------------------
<end of output>
Test time =   0.15 sec
----------------------------------------------------------
Test Passed.
"compiler:factorialRec" end time: Jun 24 21:43 CEST
"compiler:factorialRec" time elapsed: 00:00:00
----------------------------------------------------------

10/44 Testing: compiler:factorization
10/44 Test: compiler:factorization
Command: "/home/stefan/FIT/PJP/slavkste/mila" "/home/stefan/FIT/PJP/slavkste/samples/factorization.mila" "-o" "/home/stefan/FIT/PJP/slavkste/build/tests/factorization"
Directory: /home/stefan/FIT/PJP/slavkste/build
"compiler:factorization" start time: Jun 24 21:43 CEST
Output:
----------------------------------------------------------
<end of output>
Test time =   0.15 sec
----------------------------------------------------------
Test Passed.
"compiler:factorization" end time: Jun 24 21:43 CEST
"compiler:factorization" time elapsed: 00:00:00
----------------------------------------------------------

11/44 Testing: compiler:fibonacci
11/44 Test: compiler:fibonacci
Command: "/home/stefan/FIT/PJP/slavkste/mila" "/home/stefan/FIT/PJP/slavkste/samples/fibonacci.mila" "-o" "/home/stefan/FIT/PJP/slavkste/build/tests/fibonacci"
Directory: /home/stefan/FIT/PJP/slavkste/build
"compiler:fibonacci" start time: Jun 24 21:43 CEST
Output:
----------------------------------------------------------
<end of output>
Test time =   0.15 sec
----------------------------------------------------------
Test Passed.
"compiler:fibonacci" end time: Jun 24 21:43 CEST
"compiler:fibonacci" time elapsed: 00:00:00
----------------------------------------------------------

12/44 Testing: compiler:gcd
12/44 Test: compiler:gcd
Command: "/home/stefan/FIT/PJP/slavkste/mila" "/home/stefan/FIT/PJP/slavkste/samples/gcd.mila" "-o" "/home/stefan/FIT/PJP/slavkste/build/tests/gcd"
Directory: /home/stefan/FIT/PJP/slavkste/build
"compiler:gcd" start time: Jun 24 21:43 CEST
Output:
----------------------------------------------------------
<end of output>
Test time =   0.15 sec
----------------------------------------------------------
Test Passed.
"compiler:gcd" end time: Jun 24 21:43 CEST
"compiler:gcd" time elapsed: 00:00:00
----------------------------------------------------------

13/44 Testing: compiler:indirectrecursion
13/44 Test: compiler:indirectrecursion
Command: "/home/stefan/FIT/PJP/slavkste/mila" "/home/stefan/FIT/PJP/slavkste/samples/indirectrecursion.mila" "-o" "/home/stefan/FIT/PJP/slavkste/build/tests/indirectrecursion"
Directory: /home/stefan/FIT/PJP/slavkste/build
"compiler:indirectrecursion" start time: Jun 24 21:43 CEST
Output:
----------------------------------------------------------
<end of output>
Test time =   0.15 sec
----------------------------------------------------------
Test Passed.
"compiler:indirectrecursion" end time: Jun 24 21:43 CEST
"compiler:indirectrecursion" time elapsed: 00:00:00
----------------------------------------------------------

14/44 Testing: compiler:inputOutput
14/44 Test: compiler:inputOutput
Command: "/home/stefan/FIT/PJP/slavkste/mila" "/home/stefan/FIT/PJP/slavkste/samples/inputOutput.mila" "-o" "/home/stefan/FIT/PJP/slavkste/build/tests/inputOutput"
Directory: /home/stefan/FIT/PJP/slavkste/build
"compiler:inputOutput" start time: Jun 24 21:43 CEST
Output:
----------------------------------------------------------
<end of output>
Test time =   0.14 sec
----------------------------------------------------------
Test Passed.
"compiler:inputOutput" end time: Jun 24 21:43 CEST
"compiler:inputOutput" time elapsed: 00:00:00
----------------------------------------------------------

15/44 Testing: compiler:isprime
15/44 Test: compiler:isprime
Command: "/home/stefan/FIT/PJP/slavkste/mila" "/home/stefan/FIT/PJP/slavkste/samples/isprime.mila" "-o" "/home/stefan/FIT/PJP/slavkste/build/tests/isprime"
Directory: /home/stefan/FIT/PJP/slavkste/build
"compiler:isprime" start time: Jun 24 21:43 CEST
Output:
----------------------------------------------------------
<end of output>
Test time =   0.15 sec
----------------------------------------------------------
Test Passed.
"compiler:isprime" end time: Jun 24 21:43 CEST
"compiler:isprime" time elapsed: 00:00:00
----------------------------------------------------------

16/44 Testing: compiler:lexerTest
16/44 Test: compiler:lexerTest
Command: "/home/stefan/FIT/PJP/slavkste/mila" "/home/stefan/FIT/PJP/slavkste/samples/lexerTest.mila" "-o" "/home/stefan/FIT/PJP/slavkste/build/tests/lexerTest"
Directory: /home/stefan/FIT/PJP/slavkste/build
"compiler:lexerTest" start time: Jun 24 21:43 CEST
Output:
----------------------------------------------------------
Non-standard escape sequence \q Line 66 position 15.
<end of output>
Test time =   0.15 sec
----------------------------------------------------------
Test Passed.
"compiler:lexerTest" end time: Jun 24 21:43 CEST
"compiler:lexerTest" time elapsed: 00:00:00
----------------------------------------------------------

17/44 Testing: compiler:sortBubble
17/44 Test: compiler:sortBubble
Command: "/home/stefan/FIT/PJP/slavkste/mila" "/home/stefan/FIT/PJP/slavkste/samples/sortBubble.mila" "-o" "/home/stefan/FIT/PJP/slavkste/build/tests/sortBubble"
Directory: /home/stefan/FIT/PJP/slavkste/build
"compiler:sortBubble" start time: Jun 24 21:43 CEST
Output:
----------------------------------------------------------
<end of output>
Test time =   0.15 sec
----------------------------------------------------------
Test Passed.
"compiler:sortBubble" end time: Jun 24 21:43 CEST
"compiler:sortBubble" time elapsed: 00:00:00
----------------------------------------------------------

18/44 Testing: run:arrayMax.run1.out
18/44 Test: run:arrayMax.run1.out
Command: "/usr/bin/cmake" "-D" "executable=/home/stefan/FIT/PJP/slavkste/build/tests/arrayMax" "-D" "expected=/home/stefan/FIT/PJP/slavkste/tests/run/arrayMax.run1.out" "-P" "/home/stefan/FIT/PJP/slavkste/tests/run_test.cmake"
Directory: /home/stefan/FIT/PJP/slavkste/build
"run:arrayMax.run1.out" start time: Jun 24 21:43 CEST
Output:
----------------------------------------------------------
<end of output>
Test time =   0.01 sec
----------------------------------------------------------
Test Passed.
"run:arrayMax.run1.out" end time: Jun 24 21:43 CEST
"run:arrayMax.run1.out" time elapsed: 00:00:00
----------------------------------------------------------

19/44 Testing: run:arrayTest.run1.out
19/44 Test: run:arrayTest.run1.out
Command: "/usr/bin/cmake" "-D" "executable=/home/stefan/FIT/PJP/slavkste/build/tests/arrayTest" "-D" "expected=/home/stefan/FIT/PJP/slavkste/tests/run/arrayTest.run1.out" "-D" "input=/home/stefan/FIT/PJP/slavkste/tests/run/arrayTest.run1.in" "-P" "/home/stefan/FIT/PJP/slavkste/tests/run_test.cmake"
Directory: /home/stefan/FIT/PJP/slavkste/build
"run:arrayTest.run1.out" start time: Jun 24 21:43 CEST
Output:
----------------------------------------------------------
<end of output>
Test time =   0.01 sec
----------------------------------------------------------
Test Passed.
"run:arrayTest.run1.out" end time: Jun 24 21:43 CEST
"run:arrayTest.run1.out" time elapsed: 00:00:00
----------------------------------------------------------

20/44 Testing: run:arrayTest.run2.out
20/44 Test: run:arrayTest.run2.out
Command: "/usr/bin/cmake" "-D" "executable=/home/stefan/FIT/PJP/slavkste/build/tests/arrayTest" "-D" "expected=/home/stefan/FIT/PJP/slavkste/tests/run/arrayTest.run2.out" "-D" "input=/home/stefan/FIT/PJP/slavkste/tests/run/arrayTest.run2.in" "-P" "/home/stefan/FIT/PJP/slavkste/tests/run_test.cmake"
Directory: /home/stefan/FIT/PJP/slavkste/build
"run:arrayTest.run2.out" start time: Jun 24 21:43 CEST
Output:
----------------------------------------------------------
<end of output>
Test time =   0.01 sec
----------------------------------------------------------
Test Passed.
"run:arrayTest.run2.out" end time: Jun 24 21:43 CEST
"run:arrayTest.run2.out" time elapsed: 00:00:00
----------------------------------------------------------

21/44 Testing: run:arrayTest.run3.out
21/44 Test: run:arrayTest.run3.out
Command: "/usr/bin/cmake" "-D" "executable=/home/stefan/FIT/PJP/slavkste/build/tests/arrayTest" "-D" "expected=/home/stefan/FIT/PJP/slavkste/tests/run/arrayTest.run3.out" "-D" "input=/home/stefan/FIT/PJP/slavkste/tests/run/arrayTest.run3.in" "-P" "/home/stefan/FIT/PJP/slavkste/tests/run_test.cmake"
Directory: /home/stefan/FIT/PJP/slavkste/build
"run:arrayTest.run3.out" start time: Jun 24 21:43 CEST
Output:
----------------------------------------------------------
<end of output>
Test time =   0.01 sec
----------------------------------------------------------
Test Passed.
"run:arrayTest.run3.out" end time: Jun 24 21:43 CEST
"run:arrayTest.run3.out" time elapsed: 00:00:00
----------------------------------------------------------

22/44 Testing: run:arrayTest.run4.out
22/44 Test: run:arrayTest.run4.out
Command: "/usr/bin/cmake" "-D" "executable=/home/stefan/FIT/PJP/slavkste/build/tests/arrayTest" "-D" "expected=/home/stefan/FIT/PJP/slavkste/tests/run/arrayTest.run4.out" "-D" "input=/home/stefan/FIT/PJP/slavkste/tests/run/arrayTest.run4.in" "-P" "/home/stefan/FIT/PJP/slavkste/tests/run_test.cmake"
Directory: /home/stefan/FIT/PJP/slavkste/build
"run:arrayTest.run4.out" start time: Jun 24 21:43 CEST
Output:
----------------------------------------------------------
<end of output>
Test time =   0.01 sec
----------------------------------------------------------
Test Passed.
"run:arrayTest.run4.out" end time: Jun 24 21:43 CEST
"run:arrayTest.run4.out" time elapsed: 00:00:00
----------------------------------------------------------

23/44 Testing: run:breakContinue.run1.out
23/44 Test: run:breakContinue.run1.out
Command: "/usr/bin/cmake" "-D" "executable=/home/stefan/FIT/PJP/slavkste/build/tests/breakContinue" "-D" "expected=/home/stefan/FIT/PJP/slavkste/tests/run/breakContinue.run1.out" "-P" "/home/stefan/FIT/PJP/slavkste/tests/run_test.cmake"
Directory: /home/stefan/FIT/PJP/slavkste/build
"run:breakContinue.run1.out" start time: Jun 24 21:43 CEST
Output:
----------------------------------------------------------
<end of output>
Test time =   0.01 sec
----------------------------------------------------------
Test Passed.
"run:breakContinue.run1.out" end time: Jun 24 21:43 CEST
"run:breakContinue.run1.out" time elapsed: 00:00:00
----------------------------------------------------------

24/44 Testing: run:consts.run1.out
24/44 Test: run:consts.run1.out
Command: "/usr/bin/cmake" "-D" "executable=/home/stefan/FIT/PJP/slavkste/build/tests/consts" "-D" "expected=/home/stefan/FIT/PJP/slavkste/tests/run/consts.run1.out" "-P" "/home/stefan/FIT/PJP/slavkste/tests/run_test.cmake"
Directory: /home/stefan/FIT/PJP/slavkste/build
"run:consts.run1.out" start time: Jun 24 21:43 CEST
Output:
----------------------------------------------------------
<end of output>
Test time =   0.01 sec
----------------------------------------------------------
Test Passed.
"run:consts.run1.out" end time: Jun 24 21:44 CEST
"run:consts.run1.out" time elapsed: 00:00:00
----------------------------------------------------------

25/44 Testing: run:expressions.run1.out
25/44 Test: run:expressions.run1.out
Command: "/usr/bin/cmake" "-D" "executable=/home/stefan/FIT/PJP/slavkste/build/tests/expressions" "-D" "expected=/home/stefan/FIT/PJP/slavkste/tests/run/expressions.run1.out" "-D" "input=/home/stefan/FIT/PJP/slavkste/tests/run/expressions.run1.in" "-P" "/home/stefan/FIT/PJP/slavkste/tests/run_test.cmake"
Directory: /home/stefan/FIT/PJP/slavkste/build
"run:expressions.run1.out" start time: Jun 24 21:44 CEST
Output:
----------------------------------------------------------
<end of output>
Test time =   0.01 sec
----------------------------------------------------------
Test Passed.
"run:expressions.run1.out" end time: Jun 24 21:44 CEST
"run:expressions.run1.out" time elapsed: 00:00:00
----------------------------------------------------------

26/44 Testing: run:expressions.run2.out
26/44 Test: run:expressions.run2.out
Command: "/usr/bin/cmake" "-D" "executable=/home/stefan/FIT/PJP/slavkste/build/tests/expressions" "-D" "expected=/home/stefan/FIT/PJP/slavkste/tests/run/expressions.run2.out" "-D" "input=/home/stefan/FIT/PJP/slavkste/tests/run/expressions.run2.in" "-P" "/home/stefan/FIT/PJP/slavkste/tests/run_test.cmake"
Directory: /home/stefan/FIT/PJP/slavkste/build
"run:expressions.run2.out" start time: Jun 24 21:44 CEST
Output:
----------------------------------------------------------
<end of output>
Test time =   0.01 sec
----------------------------------------------------------
Test Passed.
"run:expressions.run2.out" end time: Jun 24 21:44 CEST
"run:expressions.run2.out" time elapsed: 00:00:00
----------------------------------------------------------

27/44 Testing: run:expressions.run3.out
27/44 Test: run:expressions.run3.out
Command: "/usr/bin/cmake" "-D" "executable=/home/stefan/FIT/PJP/slavkste/build/tests/expressions" "-D" "expected=/home/stefan/FIT/PJP/slavkste/tests/run/expressions.run3.out" "-D" "input=/home/stefan/FIT/PJP/slavkste/tests/run/expressions.run3.in" "-P" "/home/stefan/FIT/PJP/slavkste/tests/run_test.cmake"
Directory: /home/stefan/FIT/PJP/slavkste/build
"run:expressions.run3.out" start time: Jun 24 21:44 CEST
Output:
----------------------------------------------------------
<end of output>
Test time =   0.01 sec
----------------------------------------------------------
Test Passed.
"run:expressions.run3.out" end time: Jun 24 21:44 CEST
"run:expressions.run3.out" time elapsed: 00:00:00
----------------------------------------------------------

28/44 Testing: run:expressions.run4.out
28/44 Test: run:expressions.run4.out
Command: "/usr/bin/cmake" "-D" "executable=/home/stefan/FIT/PJP/slavkste/build/tests/expressions" "-D" "expected=/home/stefan/FIT/PJP/slavkste/tests/run/expressions.run4.out" "-D" "input=/home/stefan/FIT/PJP/slavkste/tests/run/expressions.run4.in" "-P" "/home/stefan/FIT/PJP/slavkste/tests/run_test.cmake"
Directory: /home/stefan/FIT/PJP/slavkste/build
"run:expressions.run4.out" start time: Jun 24 21:44 CEST
Output:
----------------------------------------------------------
<end of output>
Test time =   0.01 sec
----------------------------------------------------------
Test Passed.
"run:expressions.run4.out" end time: Jun 24 21:44 CEST
"run:expressions.run4.out" time elapsed: 00:00:00
----------------------------------------------------------

29/44 Testing: run:expressions2.run1.out
29/44 Test: run:expressions2.run1.out
Command: "/usr/bin/cmake" "-D" "executable=/home/stefan/FIT/PJP/slavkste/build/tests/expressions2" "-D" "expected=/home/stefan/FIT/PJP/slavkste/tests/run/expressions2.run1.out" "-D" "input=/home/stefan/FIT/PJP/slavkste/tests/run/expressions2.run1.in" "-P" "/home/stefan/FIT/PJP/slavkste/tests/run_test.cmake"
Directory: /home/stefan/FIT/PJP/slavkste/build
"run:expressions2.run1.out" start time: Jun 24 21:44 CEST
Output:
----------------------------------------------------------
<end of output>
Test time =   0.01 sec
----------------------------------------------------------
Test Passed.
"run:expressions2.run1.out" end time: Jun 24 21:44 CEST
"run:expressions2.run1.out" time elapsed: 00:00:00
----------------------------------------------------------

30/44 Testing: run:expressions2.run2.out
30/44 Test: run:expressions2.run2.out
Command: "/usr/bin/cmake" "-D" "executable=/home/stefan/FIT/PJP/slavkste/build/tests/expressions2" "-D" "expected=/home/stefan/FIT/PJP/slavkste/tests/run/expressions2.run2.out" "-D" "input=/home/stefan/FIT/PJP/slavkste/tests/run/expressions2.run2.in" "-P" "/home/stefan/FIT/PJP/slavkste/tests/run_test.cmake"
Directory: /home/stefan/FIT/PJP/slavkste/build
"run:expressions2.run2.out" start time: Jun 24 21:44 CEST
Output:
----------------------------------------------------------
<end of output>
Test time =   0.01 sec
----------------------------------------------------------
Test Passed.
"run:expressions2.run2.out" end time: Jun 24 21:44 CEST
"run:expressions2.run2.out" time elapsed: 00:00:00
----------------------------------------------------------

31/44 Testing: run:expressions2.run3.out
31/44 Test: run:expressions2.run3.out
Command: "/usr/bin/cmake" "-D" "executable=/home/stefan/FIT/PJP/slavkste/build/tests/expressions2" "-D" "expected=/home/stefan/FIT/PJP/slavkste/tests/run/expressions2.run3.out" "-D" "input=/home/stefan/FIT/PJP/slavkste/tests/run/expressions2.run3.in" "-P" "/home/stefan/FIT/PJP/slavkste/tests/run_test.cmake"
Directory: /home/stefan/FIT/PJP/slavkste/build
"run:expressions2.run3.out" start time: Jun 24 21:44 CEST
Output:
----------------------------------------------------------
<end of output>
Test time =   0.01 sec
----------------------------------------------------------
Test Passed.
"run:expressions2.run3.out" end time: Jun 24 21:44 CEST
"run:expressions2.run3.out" time elapsed: 00:00:00
----------------------------------------------------------

32/44 Testing: run:factorial.run1.out
32/44 Test: run:factorial.run1.out
Command: "/usr/bin/cmake" "-D" "executable=/home/stefan/FIT/PJP/slavkste/build/tests/factorial" "-D" "expected=/home/stefan/FIT/PJP/slavkste/tests/run/factorial.run1.out" "-P" "/home/stefan/FIT/PJP/slavkste/tests/run_test.cmake"
Directory: /home/stefan/FIT/PJP/slavkste/build
"run:factorial.run1.out" start time: Jun 24 21:44 CEST
Output:
----------------------------------------------------------
<end of output>
Test time =   0.01 sec
----------------------------------------------------------
Test Passed.
"run:factorial.run1.out" end time: Jun 24 21:44 CEST
"run:factorial.run1.out" time elapsed: 00:00:00
----------------------------------------------------------

33/44 Testing: run:factorialRec.run1.out
33/44 Test: run:factorialRec.run1.out
Command: "/usr/bin/cmake" "-D" "executable=/home/stefan/FIT/PJP/slavkste/build/tests/factorialRec" "-D" "expected=/home/stefan/FIT/PJP/slavkste/tests/run/factorialRec.run1.out" "-D" "input=/home/stefan/FIT/PJP/slavkste/tests/run/factorialRec.run1.in" "-P" "/home/stefan/FIT/PJP/slavkste/tests/run_test.cmake"
Directory: /home/stefan/FIT/PJP/slavkste/build
"run:factorialRec.run1.out" start time: Jun 24 21:44 CEST
Output:
----------------------------------------------------------
<end of output>
Test time =   0.01 sec
----------------------------------------------------------
Test Passed.
"run:factorialRec.run1.out" end time: Jun 24 21:44 CEST
"run:factorialRec.run1.out" time elapsed: 00:00:00
----------------------------------------------------------

34/44 Testing: run:factorialRec.run2.out
34/44 Test: run:factorialRec.run2.out
Command: "/usr/bin/cmake" "-D" "executable=/home/stefan/FIT/PJP/slavkste/build/tests/factorialRec" "-D" "expected=/home/stefan/FIT/PJP/slavkste/tests/run/factorialRec.run2.out" "-D" "input=/home/stefan/FIT/PJP/slavkste/tests/run/factorialRec.run2.in" "-P" "/home/stefan/FIT/PJP/slavkste/tests/run_test.cmake"
Directory: /home/stefan/FIT/PJP/slavkste/build
"run:factorialRec.run2.out" start time: Jun 24 21:44 CEST
Output:
----------------------------------------------------------
<end of output>
Test time =   0.01 sec
----------------------------------------------------------
Test Passed.
"run:factorialRec.run2.out" end time: Jun 24 21:44 CEST
"run:factorialRec.run2.out" time elapsed: 00:00:00
----------------------------------------------------------

35/44 Testing: run:factorialRec.run3.out
35/44 Test: run:factorialRec.run3.out
Command: "/usr/bin/cmake" "-D" "executable=/home/stefan/FIT/PJP/slavkste/build/tests/factorialRec" "-D" "expected=/home/stefan/FIT/PJP/slavkste/tests/run/factorialRec.run3.out" "-D" "input=/home/stefan/FIT/PJP/slavkste/tests/run/factorialRec.run3.in" "-P" "/home/stefan/FIT/PJP/slavkste/tests/run_test.cmake"
Directory: /home/stefan/FIT/PJP/slavkste/build
"run:factorialRec.run3.out" start time: Jun 24 21:44 CEST
Output:
----------------------------------------------------------
<end of output>
Test time =   0.01 sec
----------------------------------------------------------
Test Passed.
"run:factorialRec.run3.out" end time: Jun 24 21:44 CEST
"run:factorialRec.run3.out" time elapsed: 00:00:00
----------------------------------------------------------

36/44 Testing: run:factorization.run1.out
36/44 Test: run:factorization.run1.out
Command: "/usr/bin/cmake" "-D" "executable=/home/stefan/FIT/PJP/slavkste/build/tests/factorization" "-D" "expected=/home/stefan/FIT/PJP/slavkste/tests/run/factorization.run1.out" "-P" "/home/stefan/FIT/PJP/slavkste/tests/run_test.cmake"
Directory: /home/stefan/FIT/PJP/slavkste/build
"run:factorization.run1.out" start time: Jun 24 21:44 CEST
Output:
----------------------------------------------------------
<end of output>
Test time =   0.01 sec
----------------------------------------------------------
Test Passed.
"run:factorization.run1.out" end time: Jun 24 21:44 CEST
"run:factorization.run1.out" time elapsed: 00:00:00
----------------------------------------------------------

37/44 Testing: run:fibonacci.run1.out
37/44 Test: run:fibonacci.run1.out
Command: "/usr/bin/cmake" "-D" "executable=/home/stefan/FIT/PJP/slavkste/build/tests/fibonacci" "-D" "expected=/home/stefan/FIT/PJP/slavkste/tests/run/fibonacci.run1.out" "-P" "/home/stefan/FIT/PJP/slavkste/tests/run_test.cmake"
Directory: /home/stefan/FIT/PJP/slavkste/build
"run:fibonacci.run1.out" start time: Jun 24 21:44 CEST
Output:
----------------------------------------------------------
<end of output>
Test time =   0.01 sec
----------------------------------------------------------
Test Passed.
"run:fibonacci.run1.out" end time: Jun 24 21:44 CEST
"run:fibonacci.run1.out" time elapsed: 00:00:00
----------------------------------------------------------

38/44 Testing: run:gcd.run1.out
38/44 Test: run:gcd.run1.out
Command: "/usr/bin/cmake" "-D" "executable=/home/stefan/FIT/PJP/slavkste/build/tests/gcd" "-D" "expected=/home/stefan/FIT/PJP/slavkste/tests/run/gcd.run1.out" "-P" "/home/stefan/FIT/PJP/slavkste/tests/run_test.cmake"
Directory: /home/stefan/FIT/PJP/slavkste/build
"run:gcd.run1.out" start time: Jun 24 21:44 CEST
Output:
----------------------------------------------------------
<end of output>
Test time =   0.01 sec
----------------------------------------------------------
Test Passed.
"run:gcd.run1.out" end time: Jun 24 21:44 CEST
"run:gcd.run1.out" time elapsed: 00:00:00
----------------------------------------------------------

39/44 Testing: run:indirectrecursion.run1.out
39/44 Test: run:indirectrecursion.run1.out
Command: "/usr/bin/cmake" "-D" "executable=/home/stefan/FIT/PJP/slavkste/build/tests/indirectrecursion" "-D" "expected=/home/stefan/FIT/PJP/slavkste/tests/run/indirectrecursion.run1.out" "-P" "/home/stefan/FIT/PJP/slavkste/tests/run_test.cmake"
Directory: /home/stefan/FIT/PJP/slavkste/build
"run:indirectrecursion.run1.out" start time: Jun 24 21:44 CEST
Output:
----------------------------------------------------------
<end of output>
Test time =   0.01 sec
----------------------------------------------------------
Test Passed.
"run:indirectrecursion.run1.out" end time: Jun 24 21:44 CEST
"run:indirectrecursion.run1.out" time elapsed: 00:00:00
----------------------------------------------------------

40/44 Testing: run:inputOutput.run1.out
40/44 Test: run:inputOutput.run1.out
Command: "/usr/bin/cmake" "-D" "executable=/home/stefan/FIT/PJP/slavkste/build/tests/inputOutput" "-D" "expected=/home/stefan/FIT/PJP/slavkste/tests/run/inputOutput.run1.out" "-D" "input=/home/stefan/FIT/PJP/slavkste/tests/run/inputOutput.run1.in" "-P" "/home/stefan/FIT/PJP/slavkste/tests/run_test.cmake"
Directory: /home/stefan/FIT/PJP/slavkste/build
"run:inputOutput.run1.out" start time: Jun 24 21:44 CEST
Output:
----------------------------------------------------------
<end of output>
Test time =   0.01 sec
----------------------------------------------------------
Test Passed.
"run:inputOutput.run1.out" end time: Jun 24 21:44 CEST
"run:inputOutput.run1.out" time elapsed: 00:00:00
----------------------------------------------------------

41/44 Testing: run:inputOutput.run2.out
41/44 Test: run:inputOutput.run2.out
Command: "/usr/bin/cmake" "-D" "executable=/home/stefan/FIT/PJP/slavkste/build/tests/inputOutput" "-D" "expected=/home/stefan/FIT/PJP/slavkste/tests/run/inputOutput.run2.out" "-D" "input=/home/stefan/FIT/PJP/slavkste/tests/run/inputOutput.run2.in" "-P" "/home/stefan/FIT/PJP/slavkste/tests/run_test.cmake"
Directory: /home/stefan/FIT/PJP/slavkste/build
"run:inputOutput.run2.out" start time: Jun 24 21:44 CEST
Output:
----------------------------------------------------------
<end of output>
Test time =   0.01 sec
----------------------------------------------------------
Test Passed.
"run:inputOutput.run2.out" end time: Jun 24 21:44 CEST
"run:inputOutput.run2.out" time elapsed: 00:00:00
----------------------------------------------------------

42/44 Testing: run:inputOutput.run3.out
42/44 Test: run:inputOutput.run3.out
Command: "/usr/bin/cmake" "-D" "executable=/home/stefan/FIT/PJP/slavkste/build/tests/inputOutput" "-D" "expected=/home/stefan/FIT/PJP/slavkste/tests/run/inputOutput.run3.out" "-D" "input=/home/stefan/FIT/PJP/slavkste/tests/run/inputOutput.run3.in" "-P" "/home/stefan/FIT/PJP/slavkste/tests/run_test.cmake"
Directory: /home/stefan/FIT/PJP/slavkste/build
"run:inputOutput.run3.out" start time: Jun 24 21:44 CEST
Output:
----------------------------------------------------------
<end of output>
Test time =   0.01 sec
----------------------------------------------------------
Test Passed.
"run:inputOutput.run3.out" end time: Jun 24 21:44 CEST
"run:inputOutput.run3.out" time elapsed: 00:00:00
----------------------------------------------------------

43/44 Testing: run:isprime.run1.out
43/44 Test: run:isprime.run1.out
Command: "/usr/bin/cmake" "-D" "executable=/home/stefan/FIT/PJP/slavkste/build/tests/isprime" "-D" "expected=/home/stefan/FIT/PJP/slavkste/tests/run/isprime.run1.out" "-P" "/home/stefan/FIT/PJP/slavkste/tests/run_test.cmake"
Directory: /home/stefan/FIT/PJP/slavkste/build
"run:isprime.run1.out" start time: Jun 24 21:44 CEST
Output:
----------------------------------------------------------
<end of output>
Test time =   0.01 sec
----------------------------------------------------------
Test Passed.
"run:isprime.run1.out" end time: Jun 24 21:44 CEST
"run:isprime.run1.out" time elapsed: 00:00:00
----------------------------------------------------------

44/44 Testing: run:sortBubble.run1.out
44/44 Test: run:sortBubble.run1.out
Command: "/usr/bin/cmake" "-D" "executable=/home/stefan/FIT/PJP/slavkste/build/tests/sortBubble" "-D" "expected=/home/stefan/FIT/PJP/slavkste/tests/run/sortBubble.run1.out" "-P" "/home/stefan/FIT/PJP/slavkste/tests/run_test.cmake"
Directory: /home/stefan/FIT/PJP/slavkste/build
"run:sortBubble.run1.out" start time: Jun 24 21:44 CEST
Output:
----------------------------------------------------------
<end of output>
Test time =   0.01 sec
----------------------------------------------------------
Test Passed.
"run:sortBubble.run1.out" end time: Jun 24 21:44 CEST
"run:sortBubble.run1.out" time elapsed: 00:00:00
----------------------------------------------------------

End testing: Jun 24 21:44 CEST
